# JRE version: OpenJDK Runtime Environment (17.0.7) (build 17.0.7+0-b2043.56-10550314)
# Java VM: OpenJDK 64-Bit Server VM (17.0.7+0-b2043.56-10550314, mixed mode, tiered, compressed oops, compressed class ptrs, g1 gc, windows-amd64)
GC Precious Log:
 CPUs: 4 total, 4 available
 Memory: 3949M
 Large Page Support: Disabled
 NUMA Support: Disabled
 Compressed Oops: Enabled (32-bit)
 Heap Region Size: 1M
 Heap Min Capacity: 8M
 Heap Initial Capacity: 62M
 Heap Max Capacity: 988M
 Pre-touch: Disabled
 Parallel Workers: 4
 Concurrent Workers: 1
 Concurrent Refinement Workers: 4
 Periodic GC: Disabled
Heap:
 garbage-first heap   total 63488K, used 27787K [0x00000000c2400000, 0x0000000100000000)
  region size 1024K, 2 young (2048K), 2 survivors (2048K)
 Metaspace       used 48456K, committed 48704K, reserved 1114112K
  class space    used 5911K, committed 6016K, reserved 1048576K
GC Heap History (20 events):
Event: 1.849 GC heap after
{Heap after GC invocations=3 (full 0):
 garbage-first heap   total 63488K, used 10328K [0x00000000c2400000, 0x0000000100000000)
  region size 1024K, 5 young (5120K), 5 survivors (5120K)
 Metaspace       used 21350K, committed 21504K, reserved 1114112K
  class space    used 2337K, committed 2432K, reserved 1048576K
}
Event: 2.547 GC heap before
{Heap before GC invocations=4 (full 0):
 garbage-first heap   total 40960K, used 31832K [0x00000000c2400000, 0x0000000100000000)
  region size 1024K, 27 young (27648K), 5 survivors (5120K)
 Metaspace       used 28764K, committed 28928K, reserved 1114112K
  class space    used 3585K, committed 3648K, reserved 1048576K
}
Event: 2.559 GC heap after
{Heap after GC invocations=5 (full 0):
 garbage-first heap   total 40960K, used 11472K [0x00000000c2400000, 0x0000000100000000)
  region size 1024K, 4 young (4096K), 4 survivors (4096K)
 Metaspace       used 28764K, committed 28928K, reserved 1114112K
  class space    used 3585K, committed 3648K, reserved 1048576K
}
Event: 3.031 GC heap before
{Heap before GC invocations=5 (full 0):
 garbage-first heap   total 40960K, used 30928K [0x00000000c2400000, 0x0000000100000000)
  region size 1024K, 21 young (21504K), 4 survivors (4096K)
 Metaspace       used 29728K, committed 29952K, reserved 1114112K
  class space    used 3669K, committed 3776K, reserved 1048576K
}
Event: 3.049 GC heap after
{Heap after GC invocations=6 (full 0):
 garbage-first heap   total 40960K, used 18012K [0x00000000c2400000, 0x0000000100000000)
  region size 1024K, 3 young (3072K), 3 survivors (3072K)
 Metaspace       used 29728K, committed 29952K, reserved 1114112K
  class space    used 3669K, committed 3776K, reserved 1048576K
}
Event: 3.409 GC heap before
{Heap before GC invocations=6 (full 0):
 garbage-first heap   total 40960K, used 29276K [0x00000000c2400000, 0x0000000100000000)
  region size 1024K, 14 young (14336K), 3 survivors (3072K)
 Metaspace       used 33451K, committed 33728K, reserved 1114112K
  class space    used 4291K, committed 4416K, reserved 1048576K
}
Event: 3.419 GC heap after
{Heap after GC invocations=7 (full 0):
 garbage-first heap   total 40960K, used 19072K [0x00000000c2400000, 0x0000000100000000)
  region size 1024K, 1 young (1024K), 1 survivors (1024K)
 Metaspace       used 33451K, committed 33728K, reserved 1114112K
  class space    used 4291K, committed 4416K, reserved 1048576K
}
Event: 3.678 GC heap before
{Heap before GC invocations=7 (full 0):
 garbage-first heap   total 40960K, used 29312K [0x00000000c2400000, 0x0000000100000000)
  region size 1024K, 12 young (12288K), 1 survivors (1024K)
 Metaspace       used 35124K, committed 35392K, reserved 1114112K
  class space    used 4479K, committed 4608K, reserved 1048576K
}
Event: 3.682 GC heap after
{Heap after GC invocations=8 (full 0):
 garbage-first heap   total 49152K, used 18705K [0x00000000c2400000, 0x0000000100000000)
  region size 1024K, 2 young (2048K), 2 survivors (2048K)
 Metaspace       used 35124K, committed 35392K, reserved 1114112K
  class space    used 4479K, committed 4608K, reserved 1048576K
}
Event: 3.821 GC heap before
{Heap before GC invocations=8 (full 0):
 garbage-first heap   total 49152K, used 22801K [0x00000000c2400000, 0x0000000100000000)
  region size 1024K, 7 young (7168K), 2 survivors (2048K)
 Metaspace       used 35977K, committed 36160K, reserved 1114112K
  class space    used 4568K, committed 4672K, reserved 1048576K
}
Event: 3.826 GC heap after
{Heap after GC invocations=9 (full 0):
 garbage-first heap   total 49152K, used 19680K [0x00000000c2400000, 0x0000000100000000)
  region size 1024K, 1 young (1024K), 1 survivors (1024K)
 Metaspace       used 35977K, committed 36160K, reserved 1114112K
  class space    used 4568K, committed 4672K, reserved 1048576K
}
Event: 4.182 GC heap before
{Heap before GC invocations=10 (full 0):
 garbage-first heap   total 49152K, used 35040K [0x00000000c2400000, 0x0000000100000000)
  region size 1024K, 17 young (17408K), 1 survivors (1024K)
 Metaspace       used 39312K, committed 39552K, reserved 1114112K
  class space    used 4862K, committed 4992K, reserved 1048576K
}
Event: 4.187 GC heap after
{Heap after GC invocations=11 (full 0):
 garbage-first heap   total 49152K, used 21023K [0x00000000c2400000, 0x0000000100000000)
  region size 1024K, 3 young (3072K), 3 survivors (3072K)
 Metaspace       used 39312K, committed 39552K, reserved 1114112K
  class space    used 4862K, committed 4992K, reserved 1048576K
}
Event: 4.202 GC heap before
{Heap before GC invocations=11 (full 0):
 garbage-first heap   total 49152K, used 22047K [0x00000000c2400000, 0x0000000100000000)
  region size 1024K, 4 young (4096K), 3 survivors (3072K)
 Metaspace       used 39559K, committed 39808K, reserved 1114112K
  class space    used 4878K, committed 4992K, reserved 1048576K
}
Event: 4.208 GC heap after
{Heap after GC invocations=12 (full 0):
 garbage-first heap   total 49152K, used 20574K [0x00000000c2400000, 0x0000000100000000)
  region size 1024K, 1 young (1024K), 1 survivors (1024K)
 Metaspace       used 39559K, committed 39808K, reserved 1114112K
  class space    used 4878K, committed 4992K, reserved 1048576K
}
Event: 4.756 GC heap before
{Heap before GC invocations=12 (full 0):
 garbage-first heap   total 49152K, used 35934K [0x00000000c2400000, 0x0000000100000000)
  region size 1024K, 17 young (17408K), 1 survivors (1024K)
 Metaspace       used 43539K, committed 43776K, reserved 1114112K
  class space    used 5304K, committed 5376K, reserved 1048576K
}
Event: 4.761 GC heap after
{Heap after GC invocations=13 (full 0):
 garbage-first heap   total 49152K, used 21668K [0x00000000c2400000, 0x0000000100000000)
  region size 1024K, 2 young (2048K), 2 survivors (2048K)
 Metaspace       used 43539K, committed 43776K, reserved 1114112K
  class space    used 5304K, committed 5376K, reserved 1048576K
}
Event: 5.423 GC heap before
{Heap before GC invocations=13 (full 0):
 garbage-first heap   total 49152K, used 38052K [0x00000000c2400000, 0x0000000100000000)
  region size 1024K, 17 young (17408K), 2 survivors (2048K)
 Metaspace       used 46853K, committed 47104K, reserved 1114112K
  class space    used 5720K, committed 5824K, reserved 1048576K
}
Event: 5.432 GC heap after
{Heap after GC invocations=14 (full 0):
 garbage-first heap   total 49152K, used 25639K [0x00000000c2400000, 0x0000000100000000)
  region size 1024K, 3 young (3072K), 3 survivors (3072K)
 Metaspace       used 46853K, committed 47104K, reserved 1114112K
  class space    used 5720K, committed 5824K, reserved 1048576K
}
Event: 5.727 GC heap before
{Heap before GC invocations=14 (full 0):
 garbage-first heap   total 49152K, used 36903K [0x00000000c2400000, 0x0000000100000000)
  region size 1024K, 15 young (15360K), 3 survivors (3072K)
 Metaspace       used 48456K, committed 48704K, reserved 1114112K
  class space    used 5911K, committed 6016K, reserved 1048576K
}

